\BOOKMARK [1][-]{section.1}{\376\377\000A\000l\000g\000o\000r\000i\000t\000m\000o\000s}{}% 1
\BOOKMARK [2][-]{subsection.1.1}{\376\377\000M\000o}{section.1}% 2
\BOOKMARK [2][-]{subsection.1.2}{\376\377\000T\000e\000r\000n\000a\000r\000y\000\040\000S\000e\000a\000r\000c\000h}{section.1}% 3
\BOOKMARK [1][-]{section.2}{\376\377\000D\000P}{}% 4
\BOOKMARK [2][-]{subsection.2.1}{\376\377\000D\000p}{section.2}% 5
\BOOKMARK [2][-]{subsection.2.2}{\376\377\000K\000n\000a\000p\000s\000a\000c\000k}{section.2}% 6
\BOOKMARK [2][-]{subsection.2.3}{\376\377\000L\000c\000s\000u\000b\000s\000e\000q}{section.2}% 7
\BOOKMARK [2][-]{subsection.2.4}{\376\377\000L\000i\000s}{section.2}% 8
\BOOKMARK [2][-]{subsection.2.5}{\376\377\000S\000o\000s\000d\000p}{section.2}% 9
\BOOKMARK [1][-]{section.3}{\376\377\000E\000D}{}% 10
\BOOKMARK [2][-]{subsection.3.1}{\376\377\000D\000s\000t}{section.3}% 11
\BOOKMARK [2][-]{subsection.3.2}{\376\377\000D\000s\000u}{section.3}% 12
\BOOKMARK [2][-]{subsection.3.3}{\376\377\000L\000i\000s\000\040\000D\000p}{section.3}% 13
\BOOKMARK [2][-]{subsection.3.4}{\376\377\000M\000i\000n\000\040\000Q\000u\000e\000u\000e}{section.3}% 14
\BOOKMARK [2][-]{subsection.3.5}{\376\377\000M\000o}{section.3}% 15
\BOOKMARK [2][-]{subsection.3.6}{\376\377\000O\000r\000d\000e\000r\000e\000d\000\040\000S\000e\000t}{section.3}% 16
\BOOKMARK [2][-]{subsection.3.7}{\376\377\000P\000r\000e\000f\000i\000x\000s\000u\000m\000\040\0002\000d}{section.3}% 17
\BOOKMARK [2][-]{subsection.3.8}{\376\377\000R\000m\000q}{section.3}% 18
\BOOKMARK [2][-]{subsection.3.9}{\376\377\000S\000e\000g\000t\000r\000e\000e\000\040\000L\000a\000z\000y}{section.3}% 19
\BOOKMARK [1][-]{section.4}{\376\377\000G\000e\000o\000m\000e\000t\000r\000i\000a}{}% 20
\BOOKMARK [2][-]{subsection.4.1}{\376\377\000C\000o\000n\000v\000e\000x\000\040\000H\000u\000l\000l}{section.4}% 21
\BOOKMARK [2][-]{subsection.4.2}{\376\377\000I\000n\000s\000i\000d\000e\000\040\000P\000o\000l\000y\000g\000o\000n}{section.4}% 22
\BOOKMARK [2][-]{subsection.4.3}{\376\377\000M\000i\000n\000k\000o\000w\000s\000k\000i}{section.4}% 23
\BOOKMARK [2][-]{subsection.4.4}{\376\377\000M\000i\000s\000c}{section.4}% 24
\BOOKMARK [2][-]{subsection.4.5}{\376\377\000P\000o\000i\000n\000t\000\040\000L\000o\000c\000a\000t\000i\000o\000n}{section.4}% 25
\BOOKMARK [1][-]{section.5}{\376\377\000G\000r\000a\000f\000o\000s}{}% 26
\BOOKMARK [2][-]{subsection.5.1}{\376\377\000A\000r\000t\000i\000c\000u\000l\000a\000t\000i\000o\000n\000\040\000P\000o\000i\000n\000t}{section.5}% 27
\BOOKMARK [2][-]{subsection.5.2}{\376\377\000B\000e\000l\000l\000m\000a\000n\000\040\000F\000o\000r\000d}{section.5}% 28
\BOOKMARK [2][-]{subsection.5.3}{\376\377\000B\000r\000i\000d\000g\000e\000t\000r\000e\000e}{section.5}% 29
\BOOKMARK [2][-]{subsection.5.4}{\376\377\000D\000f\000s\000\040\000T\000r\000e\000e}{section.5}% 30
\BOOKMARK [2][-]{subsection.5.5}{\376\377\000D\000i\000j\000k\000t\000r\000a}{section.5}% 31
\BOOKMARK [2][-]{subsection.5.6}{\376\377\000D\000i\000n\000i\000c}{section.5}% 32
\BOOKMARK [2][-]{subsection.5.7}{\376\377\000F\000l\000o\000y\000d}{section.5}% 33
\BOOKMARK [2][-]{subsection.5.8}{\376\377\000F\000o\000r\000d\000\040\000F\000u\000l\000k\000e\000r\000s\000o\000n\000\040\000I\000s\000a}{section.5}% 34
\BOOKMARK [2][-]{subsection.5.9}{\376\377\000K\000o\000s\000a\000r\000a\000j\000u}{section.5}% 35
\BOOKMARK [2][-]{subsection.5.10}{\376\377\000M\000c\000m\000f}{section.5}% 36
\BOOKMARK [2][-]{subsection.5.11}{\376\377\000T\000w\000o\000\040\000S\000a\000t}{section.5}% 37
\BOOKMARK [1][-]{section.6}{\376\377\000M\000a\000t\000h}{}% 38
\BOOKMARK [2][-]{subsection.6.1}{\376\377\000F\000a\000s\000t\000e\000x\000p}{section.6}% 39
\BOOKMARK [2][-]{subsection.6.2}{\376\377\000F\000f\000t}{section.6}% 40
\BOOKMARK [2][-]{subsection.6.3}{\376\377\000I\000n\000v\000e\000r\000s\000o\000\040\000M\000u\000l\000t}{section.6}% 41
\BOOKMARK [2][-]{subsection.6.4}{\376\377\000M\000a\000t\000r\000i\000x\000\040\000E\000x\000p}{section.6}% 42
\BOOKMARK [2][-]{subsection.6.5}{\376\377\000M\000u\000l\000m\000o\000d}{section.6}% 43
\BOOKMARK [2][-]{subsection.6.6}{\376\377\000M\000u\000l\000t\000\040\000M\000a\000t\000r\000i\000z}{section.6}% 44
\BOOKMARK [1][-]{section.7}{\376\377\000M\000i\000s\000c}{}% 45
\BOOKMARK [2][-]{subsection.7.1}{\376\377\000B\000i\000t\000w\000i\000s\000e}{section.7}% 46
\BOOKMARK [2][-]{subsection.7.2}{\376\377\000T\000e\000m\000p\000l\000a\000t\000e}{section.7}% 47
\BOOKMARK [2][-]{subsection.7.3}{\376\377\000T\000e\000s\000t}{section.7}% 48
\BOOKMARK [2][-]{subsection.7.4}{\376\377\000X\000o\000r\000b\000a\000s\000i\000s}{section.7}% 49
\BOOKMARK [1][-]{section.8}{\376\377\000Q\000u\000e\000s\000t\000o\000e\000s\000C\000S\000E\000S}{}% 50
\BOOKMARK [2][-]{subsection.8.1}{\376\377\000A\000l\000e\000x\000\040\000A\000n\000d\000\040\000C\000o\000m\000p\000l\000i\000c\000a\000t\000e\000d\000\040\000T\000a\000s\000k}{section.8}% 51
\BOOKMARK [2][-]{subsection.8.2}{\376\377\000B\000r\000a\000c\000k\000e\000t\000s\000e\000q\000u\000e\000n\000c\000e}{section.8}% 52
\BOOKMARK [2][-]{subsection.8.3}{\376\377\000E\000d\000i\000t\000d\000i\000s\000t\000a\000n\000c\000e}{section.8}% 53
\BOOKMARK [2][-]{subsection.8.4}{\376\377\000G\000e\000n\000e\000r\000a\000t\000e\000\040\000S\000t\000r\000i\000n\000g\000s}{section.8}% 54
\BOOKMARK [2][-]{subsection.8.5}{\376\377\000M\000u\000l\000t\000t\000a\000b\000l\000e}{section.8}% 55
\BOOKMARK [2][-]{subsection.8.6}{\376\377\000P\000r\000e\000f\000i\000x\000s\000u\000m\000q\000u\000e\000r\000i\000e\000s}{section.8}% 56
\BOOKMARK [2][-]{subsection.8.7}{\376\377\000R\000e\000a\000c\000h\000a\000b\000i\000l\000i\000t\000y\000q\000u\000e\000r\000i\000e\000s}{section.8}% 57
\BOOKMARK [2][-]{subsection.8.8}{\376\377\000R\000e\000c\000t\000a\000n\000g\000l\000e\000c\000u\000t\000t\000i\000n\000g}{section.8}% 58
\BOOKMARK [2][-]{subsection.8.9}{\376\377\000R\000e\000m\000o\000v\000a\000l\000g\000a\000m\000e}{section.8}% 59
\BOOKMARK [2][-]{subsection.8.10}{\376\377\000S\000i\000n\000t\000a\000x\000e\000n\000e\000x\000t\000p\000e\000r\000m}{section.8}% 60
\BOOKMARK [1][-]{section.9}{\376\377\000S\000t\000r\000i\000n\000g\000s}{}% 61
\BOOKMARK [2][-]{subsection.9.1}{\376\377\000A\000h\000o}{section.9}% 62
\BOOKMARK [2][-]{subsection.9.2}{\376\377\000H\000a\000s\000h}{section.9}% 63
\BOOKMARK [2][-]{subsection.9.3}{\376\377\000K\000m\000p}{section.9}% 64
\BOOKMARK [2][-]{subsection.9.4}{\376\377\000L\000c\000s}{section.9}% 65
\BOOKMARK [2][-]{subsection.9.5}{\376\377\000L\000c\000s\000\040\000E\000s\000p\000e\000c\000i\000a\000l}{section.9}% 66
\BOOKMARK [2][-]{subsection.9.6}{\376\377\000S\000u\000f\000f\000i\000x\000\040\000A\000r\000r\000a\000y}{section.9}% 67
\BOOKMARK [2][-]{subsection.9.7}{\376\377\000S\000u\000f\000f\000i\000x\000\040\000A\000u\000t\000o\000m\000a\000t\000a}{section.9}% 68
\BOOKMARK [2][-]{subsection.9.8}{\376\377\000T\000r\000i\000e}{section.9}% 69
\BOOKMARK [2][-]{subsection.9.9}{\376\377\000T\000r\000i\000e\000\040\000X\000o\000r}{section.9}% 70
\BOOKMARK [2][-]{subsection.9.10}{\376\377\000Z\000\040\000F\000u\000n\000c}{section.9}% 71
\BOOKMARK [1][-]{section.10}{\376\377\000T\000r\000e\000e}{}% 72
\BOOKMARK [2][-]{subsection.10.1}{\376\377\000B\000i\000n\000a\000r\000y\000\040\000L\000i\000f\000t\000i\000n\000g}{section.10}% 73
\BOOKMARK [2][-]{subsection.10.2}{\376\377\000C\000e\000n\000t\000r\000o\000i\000d}{section.10}% 74
\BOOKMARK [2][-]{subsection.10.3}{\376\377\000E\000u\000l\000e\000r\000t\000o\000u\000r\000\040\000S\000e\000g\000t}{section.10}% 75
\BOOKMARK [2][-]{subsection.10.4}{\376\377\000H\000l\000d}{section.10}% 76
\BOOKMARK [2][-]{subsection.10.5}{\376\377\000I\000s\000o\000m\000o\000r\000f\000t\000r\000e\000e}{section.10}% 77
\BOOKMARK [2][-]{subsection.10.6}{\376\377\000K\000r\000u\000s\000k\000a\000l\000l}{section.10}% 78
\BOOKMARK [2][-]{subsection.10.7}{\376\377\000L\000c\000a}{section.10}% 79
\BOOKMARK [2][-]{subsection.10.8}{\376\377\000V\000i\000r\000t\000u\000a\000l\000t\000r\000e\000e}{section.10}% 80
